hello----------log-start---------- 
this is line no. 0
this is line no. 1
this is line no. 2
this is line no. 3
this is line no. 4
this is line no. 5
this is line no. 6
this is line no. 7
this is line no. 8
this is line no. 9
----------log-end---------- 
----------log-start---------- 
----------log-end---------- 
----------log-start---------- 
this is line no. 0
this is line no. 1
this is line no. 2
this is line no. 3
this is line no. 4
this is line no. 5
this is line no. 6
this is line no. 7
this is line no. 8
this is line no. 9
----------log-end---------- 
----------log-start---------- 
----------log-end---------- 
----------log-start---------- 
----------log-start---------- 
----------log-end---------- 
----------log-start---------- 
----------log-end---------- 
----------log-start---------- 
Current date & time :  2023-10-20 13-21-45
[Errno 2] No such file or directory: ''
----------log-end---------- 
